-- Found ament_cmake: 1.3.10 (/opt/ros/humble/share/ament_cmake/cmake)
-- Found rclcpp: 16.0.10 (/opt/ros/humble/share/rclcpp/cmake)
-- Found rosidl_generator_c: 3.1.5 (/opt/ros/humble/share/rosidl_generator_c/cmake)
-- Found rosidl_adapter: 3.1.5 (/opt/ros/humble/share/rosidl_adapter/cmake)
-- Found rosidl_generator_cpp: 3.1.5 (/opt/ros/humble/share/rosidl_generator_cpp/cmake)
-- Using all available rosidl_typesupport_c: rosidl_typesupport_fastrtps_c;rosidl_typesupport_introspection_c
-- Using all available rosidl_typesupport_cpp: rosidl_typesupport_fastrtps_cpp;rosidl_typesupport_introspection_cpp
-- Found rmw_implementation_cmake: 6.1.2 (/opt/ros/humble/share/rmw_implementation_cmake/cmake)
-- Found rmw_fastrtps_cpp: 6.2.7 (/opt/ros/humble/share/rmw_fastrtps_cpp/cmake)
-- Using RMW implementation 'rmw_fastrtps_cpp' as default
-- Found geometry_msgs: 4.2.4 (/opt/ros/humble/share/geometry_msgs/cmake)
-- Found mavros_msgs: 2.14.0 (/opt/ros/humble/share/mavros_msgs/cmake)
-- Found tf2_ros: 0.25.7 (/opt/ros/humble/share/tf2_ros/cmake)
-- Configuring incomplete, errors occurred!
See also "/home/miguel/Documents/GitHub/IR2136/ros_ws/build/chimuelo_bringup/CMakeFiles/CMakeOutput.log".
[31mCMake Error at CMakeLists.txt:15 (find_package):
  By not providing "Findrobot_localization.cmake" in CMAKE_MODULE_PATH this
  project has asked CMake to find a package configuration file provided by
  "robot_localization", but CMake did not find one.

  Could not find a package configuration file provided by
  "robot_localization" with any of the following names:

    robot_localizationConfig.cmake
    robot_localization-config.cmake

  Add the installation prefix of "robot_localization" to CMAKE_PREFIX_PATH or
  set "robot_localization_DIR" to a directory containing one of the above
  files.  If "robot_localization" provides a separate development package or
  SDK, be sure it has been installed.

[0m
