[0.009s] Invoking command in '/home/miguel/Documents/GitHub/IR2136/ros_ws/build/chimuelo_bringup': CMAKE_PREFIX_PATH=/opt/ros/humble /usr/bin/cmake /home/miguel/Documents/GitHub/IR2136/ros_ws/src/chimuelo_bringup -DCMAKE_INSTALL_PREFIX=/home/miguel/Documents/GitHub/IR2136/ros_ws/install/chimuelo_bringup
[0.018s] -- Found ament_cmake: 1.3.10 (/opt/ros/humble/share/ament_cmake/cmake)
[0.115s] -- Found rclcpp: 16.0.10 (/opt/ros/humble/share/rclcpp/cmake)
[0.137s] -- Found rosidl_generator_c: 3.1.5 (/opt/ros/humble/share/rosidl_generator_c/cmake)
[0.139s] -- Found rosidl_adapter: 3.1.5 (/opt/ros/humble/share/rosidl_adapter/cmake)
[0.144s] -- Found rosidl_generator_cpp: 3.1.5 (/opt/ros/humble/share/rosidl_generator_cpp/cmake)
[0.151s] -- Using all available rosidl_typesupport_c: rosidl_typesupport_fastrtps_c;rosidl_typesupport_introspection_c
[0.159s] -- Using all available rosidl_typesupport_cpp: rosidl_typesupport_fastrtps_cpp;rosidl_typesupport_introspection_cpp
[0.180s] -- Found rmw_implementation_cmake: 6.1.2 (/opt/ros/humble/share/rmw_implementation_cmake/cmake)
[0.181s] -- Found rmw_fastrtps_cpp: 6.2.7 (/opt/ros/humble/share/rmw_fastrtps_cpp/cmake)
[0.258s] -- Using RMW implementation 'rmw_fastrtps_cpp' as default
[0.289s] -- Found geometry_msgs: 4.2.4 (/opt/ros/humble/share/geometry_msgs/cmake)
[0.298s] -- Found mavros_msgs: 2.14.0 (/opt/ros/humble/share/mavros_msgs/cmake)
[0.358s] -- Found tf2_ros: 0.25.7 (/opt/ros/humble/share/tf2_ros/cmake)
[0.462s] -- Configuring incomplete, errors occurred!
[0.463s] See also "/home/miguel/Documents/GitHub/IR2136/ros_ws/build/chimuelo_bringup/CMakeFiles/CMakeOutput.log".
[0.463s] [31mCMake Error at CMakeLists.txt:15 (find_package):
[0.463s]   By not providing "Findrobot_localization.cmake" in CMAKE_MODULE_PATH this
[0.463s]   project has asked CMake to find a package configuration file provided by
[0.463s]   "robot_localization", but CMake did not find one.
[0.463s] 
[0.463s]   Could not find a package configuration file provided by
[0.463s]   "robot_localization" with any of the following names:
[0.463s] 
[0.463s]     robot_localizationConfig.cmake
[0.463s]     robot_localization-config.cmake
[0.463s] 
[0.463s]   Add the installation prefix of "robot_localization" to CMAKE_PREFIX_PATH or
[0.463s]   set "robot_localization_DIR" to a directory containing one of the above
[0.463s]   files.  If "robot_localization" provides a separate development package or
[0.463s]   SDK, be sure it has been installed.
[0.463s] 
[0.463s] [0m
[0.469s] Invoked command in '/home/miguel/Documents/GitHub/IR2136/ros_ws/build/chimuelo_bringup' returned '1': CMAKE_PREFIX_PATH=/opt/ros/humble /usr/bin/cmake /home/miguel/Documents/GitHub/IR2136/ros_ws/src/chimuelo_bringup -DCMAKE_INSTALL_PREFIX=/home/miguel/Documents/GitHub/IR2136/ros_ws/install/chimuelo_bringup
