[0.008s] Invoking command in '/home/miguel/Documents/GitHub/IR2136/ros_ws/build/chimuelo_bringup': CMAKE_PREFIX_PATH=/opt/ros/humble /usr/bin/cmake /home/miguel/Documents/GitHub/IR2136/ros_ws/src/chimuelo_bringup -DCMAKE_INSTALL_PREFIX=/home/miguel/Documents/GitHub/IR2136/ros_ws/install/chimuelo_bringup
[0.448s] -- The C compiler identification is GNU 11.4.0
[0.572s] -- The CXX compiler identification is GNU 11.4.0
[0.593s] -- Detecting C compiler ABI info
[0.735s] -- Detecting C compiler ABI info - done
[0.743s] -- Check for working C compiler: /usr/lib/ccache/cc - skipped
[0.746s] -- Detecting C compile features
[0.748s] -- Detecting C compile features - done
[0.755s] -- Detecting CXX compiler ABI info
[0.851s] -- Detecting CXX compiler ABI info - done
[0.858s] -- Check for working CXX compiler: /usr/lib/ccache/c++ - skipped
[0.858s] -- Detecting CXX compile features
[0.859s] -- Detecting CXX compile features - done
[0.865s] -- Found ament_cmake: 1.3.10 (/opt/ros/humble/share/ament_cmake/cmake)
[1.167s] -- Found Python3: /usr/bin/python3 (found version "3.10.12") found components: Interpreter 
[1.255s] -- Found rclcpp: 16.0.10 (/opt/ros/humble/share/rclcpp/cmake)
[1.296s] -- Found rosidl_generator_c: 3.1.5 (/opt/ros/humble/share/rosidl_generator_c/cmake)
[1.301s] -- Found rosidl_adapter: 3.1.5 (/opt/ros/humble/share/rosidl_adapter/cmake)
[1.309s] -- Found rosidl_generator_cpp: 3.1.5 (/opt/ros/humble/share/rosidl_generator_cpp/cmake)
[1.320s] -- Using all available rosidl_typesupport_c: rosidl_typesupport_fastrtps_c;rosidl_typesupport_introspection_c
[1.335s] -- Using all available rosidl_typesupport_cpp: rosidl_typesupport_fastrtps_cpp;rosidl_typesupport_introspection_cpp
[1.396s] -- Found rmw_implementation_cmake: 6.1.2 (/opt/ros/humble/share/rmw_implementation_cmake/cmake)
[1.398s] -- Found rmw_fastrtps_cpp: 6.2.7 (/opt/ros/humble/share/rmw_fastrtps_cpp/cmake)
[1.497s] -- Found OpenSSL: /usr/lib/x86_64-linux-gnu/libcrypto.so (found version "3.0.2")  
[1.528s] -- Found FastRTPS: /opt/ros/humble/include  
[1.562s] -- Using RMW implementation 'rmw_fastrtps_cpp' as default
[1.581s] -- Looking for pthread.h
[1.689s] -- Looking for pthread.h - found
[1.689s] -- Performing Test CMAKE_HAVE_LIBC_PTHREAD
[1.762s] -- Performing Test CMAKE_HAVE_LIBC_PTHREAD - Success
[1.763s] -- Found Threads: TRUE  
[1.826s] -- Found geometry_msgs: 4.2.4 (/opt/ros/humble/share/geometry_msgs/cmake)
[1.844s] -- Configuring incomplete, errors occurred!
[1.844s] See also "/home/miguel/Documents/GitHub/IR2136/ros_ws/build/chimuelo_bringup/CMakeFiles/CMakeOutput.log".
[1.845s] [31mCMake Error at CMakeLists.txt:13 (find_package):
[1.845s]   By not providing "Findmavros_msgs.cmake" in CMAKE_MODULE_PATH this project
[1.845s]   has asked CMake to find a package configuration file provided by
[1.845s]   "mavros_msgs", but CMake did not find one.
[1.845s] 
[1.845s]   Could not find a package configuration file provided by "mavros_msgs" with
[1.845s]   any of the following names:
[1.845s] 
[1.845s]     mavros_msgsConfig.cmake
[1.845s]     mavros_msgs-config.cmake
[1.845s] 
[1.845s]   Add the installation prefix of "mavros_msgs" to CMAKE_PREFIX_PATH or set
[1.845s]   "mavros_msgs_DIR" to a directory containing one of the above files.  If
[1.845s]   "mavros_msgs" provides a separate development package or SDK, be sure it
[1.845s]   has been installed.
[1.845s] 
[1.845s] [0m
[1.853s] Invoked command in '/home/miguel/Documents/GitHub/IR2136/ros_ws/build/chimuelo_bringup' returned '1': CMAKE_PREFIX_PATH=/opt/ros/humble /usr/bin/cmake /home/miguel/Documents/GitHub/IR2136/ros_ws/src/chimuelo_bringup -DCMAKE_INSTALL_PREFIX=/home/miguel/Documents/GitHub/IR2136/ros_ws/install/chimuelo_bringup
