-- Install configuration: ""
-- Up-to-date: /home/miguel/Documents/GitHub/IR2136/ros_ws/install/chimuelo_bringup/share/chimuelo_bringup/config
-- Up-to-date: /home/miguel/Documents/GitHub/IR2136/ros_ws/install/chimuelo_bringup/share/chimuelo_bringup/launch
-- Installing: /home/miguel/Documents/GitHub/IR2136/ros_ws/install/chimuelo_bringup/share/chimuelo_bringup/launch/display.launch.py
-- Up-to-date: /home/miguel/Documents/GitHub/IR2136/ros_ws/install/chimuelo_bringup/share/chimuelo_bringup/urdf
-- Up-to-date: /home/miguel/Documents/GitHub/IR2136/ros_ws/install/chimuelo_bringup/share/chimuelo_bringup/urdf/chimuelo.step
-- Up-to-date: /home/miguel/Documents/GitHub/IR2136/ros_ws/install/chimuelo_bringup/share/chimuelo_bringup/urdf/prueba_chimuelo.urdf
-- Up-to-date: /home/miguel/Documents/GitHub/IR2136/ros_ws/install/chimuelo_bringup/share/chimuelo_bringup/rviz
-- Up-to-date: /home/miguel/Documents/GitHub/IR2136/ros_ws/install/chimuelo_bringup/share/ament_index/resource_index/package_run_dependencies/chimuelo_bringup
-- Up-to-date: /home/miguel/Documents/GitHub/IR2136/ros_ws/install/chimuelo_bringup/share/ament_index/resource_index/parent_prefix_path/chimuelo_bringup
-- Up-to-date: /home/miguel/Documents/GitHub/IR2136/ros_ws/install/chimuelo_bringup/share/chimuelo_bringup/environment/ament_prefix_path.sh
-- Up-to-date: /home/miguel/Documents/GitHub/IR2136/ros_ws/install/chimuelo_bringup/share/chimuelo_bringup/environment/ament_prefix_path.dsv
-- Up-to-date: /home/miguel/Documents/GitHub/IR2136/ros_ws/install/chimuelo_bringup/share/chimuelo_bringup/environment/path.sh
-- Up-to-date: /home/miguel/Documents/GitHub/IR2136/ros_ws/install/chimuelo_bringup/share/chimuelo_bringup/environment/path.dsv
-- Up-to-date: /home/miguel/Documents/GitHub/IR2136/ros_ws/install/chimuelo_bringup/share/chimuelo_bringup/local_setup.bash
-- Up-to-date: /home/miguel/Documents/GitHub/IR2136/ros_ws/install/chimuelo_bringup/share/chimuelo_bringup/local_setup.sh
-- Up-to-date: /home/miguel/Documents/GitHub/IR2136/ros_ws/install/chimuelo_bringup/share/chimuelo_bringup/local_setup.zsh
-- Up-to-date: /home/miguel/Documents/GitHub/IR2136/ros_ws/install/chimuelo_bringup/share/chimuelo_bringup/local_setup.dsv
-- Up-to-date: /home/miguel/Documents/GitHub/IR2136/ros_ws/install/chimuelo_bringup/share/chimuelo_bringup/package.dsv
-- Up-to-date: /home/miguel/Documents/GitHub/IR2136/ros_ws/install/chimuelo_bringup/share/ament_index/resource_index/packages/chimuelo_bringup
-- Up-to-date: /home/miguel/Documents/GitHub/IR2136/ros_ws/install/chimuelo_bringup/share/chimuelo_bringup/cmake/chimuelo_bringupConfig.cmake
-- Up-to-date: /home/miguel/Documents/GitHub/IR2136/ros_ws/install/chimuelo_bringup/share/chimuelo_bringup/cmake/chimuelo_bringupConfig-version.cmake
-- Up-to-date: /home/miguel/Documents/GitHub/IR2136/ros_ws/install/chimuelo_bringup/share/chimuelo_bringup/package.xml
