[0.011s] Invoking command in '/home/miguel/Documents/GitHub/IR2136/ros_ws/build/chimuelo_bringup': CMAKE_PREFIX_PATH=${CMAKE_PREFIX_PATH}:/opt/ros/humble /usr/bin/cmake --build /home/miguel/Documents/GitHub/IR2136/ros_ws/build/chimuelo_bringup -- -j8 -l8
[0.055s] Invoked command in '/home/miguel/Documents/GitHub/IR2136/ros_ws/build/chimuelo_bringup' returned '0': CMAKE_PREFIX_PATH=${CMAKE_PREFIX_PATH}:/opt/ros/humble /usr/bin/cmake --build /home/miguel/Documents/GitHub/IR2136/ros_ws/build/chimuelo_bringup -- -j8 -l8
[0.083s] Invoking command in '/home/miguel/Documents/GitHub/IR2136/ros_ws/build/chimuelo_bringup': CMAKE_PREFIX_PATH=${CMAKE_PREFIX_PATH}:/opt/ros/humble /usr/bin/cmake --install /home/miguel/Documents/GitHub/IR2136/ros_ws/build/chimuelo_bringup
[0.089s] -- Install configuration: ""
[0.089s] -- Up-to-date: /home/miguel/Documents/GitHub/IR2136/ros_ws/install/chimuelo_bringup/share/chimuelo_bringup/config
[0.089s] -- Up-to-date: /home/miguel/Documents/GitHub/IR2136/ros_ws/install/chimuelo_bringup/share/chimuelo_bringup/launch
[0.089s] -- Installing: /home/miguel/Documents/GitHub/IR2136/ros_ws/install/chimuelo_bringup/share/chimuelo_bringup/launch/display.launch.py
[0.089s] -- Up-to-date: /home/miguel/Documents/GitHub/IR2136/ros_ws/install/chimuelo_bringup/share/chimuelo_bringup/urdf
[0.090s] -- Up-to-date: /home/miguel/Documents/GitHub/IR2136/ros_ws/install/chimuelo_bringup/share/chimuelo_bringup/urdf/chimuelo.step
[0.090s] -- Up-to-date: /home/miguel/Documents/GitHub/IR2136/ros_ws/install/chimuelo_bringup/share/chimuelo_bringup/urdf/prueba_chimuelo.urdf
[0.090s] -- Up-to-date: /home/miguel/Documents/GitHub/IR2136/ros_ws/install/chimuelo_bringup/share/chimuelo_bringup/rviz
[0.090s] -- Up-to-date: /home/miguel/Documents/GitHub/IR2136/ros_ws/install/chimuelo_bringup/share/ament_index/resource_index/package_run_dependencies/chimuelo_bringup
[0.090s] -- Up-to-date: /home/miguel/Documents/GitHub/IR2136/ros_ws/install/chimuelo_bringup/share/ament_index/resource_index/parent_prefix_path/chimuelo_bringup
[0.090s] -- Up-to-date: /home/miguel/Documents/GitHub/IR2136/ros_ws/install/chimuelo_bringup/share/chimuelo_bringup/environment/ament_prefix_path.sh
[0.090s] -- Up-to-date: /home/miguel/Documents/GitHub/IR2136/ros_ws/install/chimuelo_bringup/share/chimuelo_bringup/environment/ament_prefix_path.dsv
[0.090s] -- Up-to-date: /home/miguel/Documents/GitHub/IR2136/ros_ws/install/chimuelo_bringup/share/chimuelo_bringup/environment/path.sh
[0.090s] -- Up-to-date: /home/miguel/Documents/GitHub/IR2136/ros_ws/install/chimuelo_bringup/share/chimuelo_bringup/environment/path.dsv
[0.090s] -- Up-to-date: /home/miguel/Documents/GitHub/IR2136/ros_ws/install/chimuelo_bringup/share/chimuelo_bringup/local_setup.bash
[0.090s] -- Up-to-date: /home/miguel/Documents/GitHub/IR2136/ros_ws/install/chimuelo_bringup/share/chimuelo_bringup/local_setup.sh
[0.090s] -- Up-to-date: /home/miguel/Documents/GitHub/IR2136/ros_ws/install/chimuelo_bringup/share/chimuelo_bringup/local_setup.zsh
[0.090s] -- Up-to-date: /home/miguel/Documents/GitHub/IR2136/ros_ws/install/chimuelo_bringup/share/chimuelo_bringup/local_setup.dsv
[0.090s] -- Up-to-date: /home/miguel/Documents/GitHub/IR2136/ros_ws/install/chimuelo_bringup/share/chimuelo_bringup/package.dsv
[0.091s] -- Up-to-date: /home/miguel/Documents/GitHub/IR2136/ros_ws/install/chimuelo_bringup/share/ament_index/resource_index/packages/chimuelo_bringup
[0.091s] -- Up-to-date: /home/miguel/Documents/GitHub/IR2136/ros_ws/install/chimuelo_bringup/share/chimuelo_bringup/cmake/chimuelo_bringupConfig.cmake
[0.091s] -- Up-to-date: /home/miguel/Documents/GitHub/IR2136/ros_ws/install/chimuelo_bringup/share/chimuelo_bringup/cmake/chimuelo_bringupConfig-version.cmake
[0.091s] -- Up-to-date: /home/miguel/Documents/GitHub/IR2136/ros_ws/install/chimuelo_bringup/share/chimuelo_bringup/package.xml
[0.091s] Invoked command in '/home/miguel/Documents/GitHub/IR2136/ros_ws/build/chimuelo_bringup' returned '0': CMAKE_PREFIX_PATH=${CMAKE_PREFIX_PATH}:/opt/ros/humble /usr/bin/cmake --install /home/miguel/Documents/GitHub/IR2136/ros_ws/build/chimuelo_bringup
