[0.009s] Invoking command in '/home/miguel/Documents/GitHub/IR2136/ros_ws/build/chimuelo_bringup': CMAKE_PREFIX_PATH=/opt/ros/humble /usr/bin/cmake /home/miguel/Documents/GitHub/IR2136/ros_ws/src/chimuelo_bringup -DCMAKE_INSTALL_PREFIX=/home/miguel/Documents/GitHub/IR2136/ros_ws/install/chimuelo_bringup
[0.019s] -- Found ament_cmake: 1.3.10 (/opt/ros/humble/share/ament_cmake/cmake)
[0.117s] -- Found rclcpp: 16.0.10 (/opt/ros/humble/share/rclcpp/cmake)
[0.142s] -- Found rosidl_generator_c: 3.1.5 (/opt/ros/humble/share/rosidl_generator_c/cmake)
[0.144s] -- Found rosidl_adapter: 3.1.5 (/opt/ros/humble/share/rosidl_adapter/cmake)
[0.150s] -- Found rosidl_generator_cpp: 3.1.5 (/opt/ros/humble/share/rosidl_generator_cpp/cmake)
[0.157s] -- Using all available rosidl_typesupport_c: rosidl_typesupport_fastrtps_c;rosidl_typesupport_introspection_c
[0.165s] -- Using all available rosidl_typesupport_cpp: rosidl_typesupport_fastrtps_cpp;rosidl_typesupport_introspection_cpp
[0.186s] -- Found rmw_implementation_cmake: 6.1.2 (/opt/ros/humble/share/rmw_implementation_cmake/cmake)
[0.186s] -- Found rmw_fastrtps_cpp: 6.2.7 (/opt/ros/humble/share/rmw_fastrtps_cpp/cmake)
[0.267s] -- Using RMW implementation 'rmw_fastrtps_cpp' as default
[0.302s] -- Found geometry_msgs: 4.2.4 (/opt/ros/humble/share/geometry_msgs/cmake)
[0.310s] -- Found mavros_msgs: 2.14.0 (/opt/ros/humble/share/mavros_msgs/cmake)
[0.360s] -- Found tf2_ros: 0.25.7 (/opt/ros/humble/share/tf2_ros/cmake)
[0.413s] -- Found robot_localization: 3.5.4 (/opt/ros/humble/share/robot_localization/cmake)
[0.456s] -- Found ament_lint_auto: 0.12.11 (/opt/ros/humble/share/ament_lint_auto/cmake)
[0.540s] -- Added test 'flake8' to check Python code syntax and style conventions
[0.541s] -- Added test 'lint_cmake' to check CMake code style
[0.542s] -- Added test 'pep257' to check Python code against some of the docstring style conventions in PEP 257
[0.543s] -- Added test 'xmllint' to check XML markup files
[0.544s] -- Configuring done
[0.549s] -- Generating done
[0.550s] -- Build files have been written to: /home/miguel/Documents/GitHub/IR2136/ros_ws/build/chimuelo_bringup
[0.557s] Invoked command in '/home/miguel/Documents/GitHub/IR2136/ros_ws/build/chimuelo_bringup' returned '0': CMAKE_PREFIX_PATH=/opt/ros/humble /usr/bin/cmake /home/miguel/Documents/GitHub/IR2136/ros_ws/src/chimuelo_bringup -DCMAKE_INSTALL_PREFIX=/home/miguel/Documents/GitHub/IR2136/ros_ws/install/chimuelo_bringup
[0.559s] Invoking command in '/home/miguel/Documents/GitHub/IR2136/ros_ws/build/chimuelo_bringup': CMAKE_PREFIX_PATH=/opt/ros/humble /usr/bin/cmake --build /home/miguel/Documents/GitHub/IR2136/ros_ws/build/chimuelo_bringup -- -j8 -l8
[0.593s] Invoked command in '/home/miguel/Documents/GitHub/IR2136/ros_ws/build/chimuelo_bringup' returned '0': CMAKE_PREFIX_PATH=/opt/ros/humble /usr/bin/cmake --build /home/miguel/Documents/GitHub/IR2136/ros_ws/build/chimuelo_bringup -- -j8 -l8
[0.631s] Invoking command in '/home/miguel/Documents/GitHub/IR2136/ros_ws/build/chimuelo_bringup': CMAKE_PREFIX_PATH=/opt/ros/humble /usr/bin/cmake --install /home/miguel/Documents/GitHub/IR2136/ros_ws/build/chimuelo_bringup
[0.642s] -- Install configuration: ""
[0.642s] -- Installing: /home/miguel/Documents/GitHub/IR2136/ros_ws/install/chimuelo_bringup/share/chimuelo_bringup/config
[0.642s] -- Installing: /home/miguel/Documents/GitHub/IR2136/ros_ws/install/chimuelo_bringup/share/chimuelo_bringup/launch
[0.642s] -- Installing: /home/miguel/Documents/GitHub/IR2136/ros_ws/install/chimuelo_bringup/share/chimuelo_bringup/launch/display.launch.py
[0.642s] -- Installing: /home/miguel/Documents/GitHub/IR2136/ros_ws/install/chimuelo_bringup/share/chimuelo_bringup/urdf
[0.642s] -- Installing: /home/miguel/Documents/GitHub/IR2136/ros_ws/install/chimuelo_bringup/share/chimuelo_bringup/urdf/chimuelo.step
[0.679s] -- Installing: /home/miguel/Documents/GitHub/IR2136/ros_ws/install/chimuelo_bringup/share/chimuelo_bringup/urdf/prueba_chimuelo.urdf
[0.679s] -- Installing: /home/miguel/Documents/GitHub/IR2136/ros_ws/install/chimuelo_bringup/share/chimuelo_bringup/rviz
[0.679s] -- Installing: /home/miguel/Documents/GitHub/IR2136/ros_ws/install/chimuelo_bringup/share/ament_index/resource_index/package_run_dependencies/chimuelo_bringup
[0.679s] -- Installing: /home/miguel/Documents/GitHub/IR2136/ros_ws/install/chimuelo_bringup/share/ament_index/resource_index/parent_prefix_path/chimuelo_bringup
[0.679s] -- Installing: /home/miguel/Documents/GitHub/IR2136/ros_ws/install/chimuelo_bringup/share/chimuelo_bringup/environment/ament_prefix_path.sh
[0.680s] -- Installing: /home/miguel/Documents/GitHub/IR2136/ros_ws/install/chimuelo_bringup/share/chimuelo_bringup/environment/ament_prefix_path.dsv
[0.680s] -- Installing: /home/miguel/Documents/GitHub/IR2136/ros_ws/install/chimuelo_bringup/share/chimuelo_bringup/environment/path.sh
[0.680s] -- Installing: /home/miguel/Documents/GitHub/IR2136/ros_ws/install/chimuelo_bringup/share/chimuelo_bringup/environment/path.dsv
[0.680s] -- Installing: /home/miguel/Documents/GitHub/IR2136/ros_ws/install/chimuelo_bringup/share/chimuelo_bringup/local_setup.bash
[0.680s] -- Installing: /home/miguel/Documents/GitHub/IR2136/ros_ws/install/chimuelo_bringup/share/chimuelo_bringup/local_setup.sh
[0.680s] -- Installing: /home/miguel/Documents/GitHub/IR2136/ros_ws/install/chimuelo_bringup/share/chimuelo_bringup/local_setup.zsh
[0.680s] -- Installing: /home/miguel/Documents/GitHub/IR2136/ros_ws/install/chimuelo_bringup/share/chimuelo_bringup/local_setup.dsv
[0.680s] -- Installing: /home/miguel/Documents/GitHub/IR2136/ros_ws/install/chimuelo_bringup/share/chimuelo_bringup/package.dsv
[0.680s] -- Installing: /home/miguel/Documents/GitHub/IR2136/ros_ws/install/chimuelo_bringup/share/ament_index/resource_index/packages/chimuelo_bringup
[0.681s] -- Installing: /home/miguel/Documents/GitHub/IR2136/ros_ws/install/chimuelo_bringup/share/chimuelo_bringup/cmake/chimuelo_bringupConfig.cmake
[0.681s] -- Installing: /home/miguel/Documents/GitHub/IR2136/ros_ws/install/chimuelo_bringup/share/chimuelo_bringup/cmake/chimuelo_bringupConfig-version.cmake
[0.681s] -- Installing: /home/miguel/Documents/GitHub/IR2136/ros_ws/install/chimuelo_bringup/share/chimuelo_bringup/package.xml
[0.683s] Invoked command in '/home/miguel/Documents/GitHub/IR2136/ros_ws/build/chimuelo_bringup' returned '0': CMAKE_PREFIX_PATH=/opt/ros/humble /usr/bin/cmake --install /home/miguel/Documents/GitHub/IR2136/ros_ws/build/chimuelo_bringup
